41dfe6ee116c0fd96555a71e166c42c5506f769d was KiripengTsai 
  25 seconds ago, message: 添加词法分析
551e13fc475ecb0c58c49eefa2ebb746d25f4d2b was KiripengTsai 
  3 weeks ago, message: 删除不必要的文件
0ab545d15566f8f7ea4d8a712f6997dc326cbcb5 was KiripengTsai 
  3 weeks ago, message: 练习背后blog处理数据
191846ef1d67224fdeaa3f9e5ff6f27884ad907a was KiripengTsai 
  3 weeks ago, message: 删除无关信息
8d261b0772403c45e840a0913fdfe693433a6c0f was KiripengTsai 
  3 weeks ago, message: 更新代码
19f60141ce12d1b1c426fd228f7a45f99baf3c27 was KiripengTsai 
  3 weeks ago, message: 练习sql并且转成json格式
22c0acc827488839a26d829d8c4ffcf5b7f65c73 was KiripengTsai 
  5 weeks ago, message: 更新格式
c1ce57e654b02a60c09a13434c486aaa820873e0 was KiripengTsai 
  5 weeks ago, message: 添加链表实现
5b922e1ac571550e0b0b1ace88f5b63334c0a68d was KiripengTsai 
  7 weeks ago, message: 将地址改为本地地址
95b168037522bcb249c7c325841366a5a3d0d05d was KiripengTsai 
  7 weeks ago, message: 修改信息
b369c853f5486f6ab2543824346a1f07736cf786 was KiripengTsai 
  7 weeks ago, message: redis连接
e9e5dd21ac2b7373b722d483245191381e11f993 was KiripengTsai 
  7 weeks ago, message: 对mysql远程连接
46b2e4159904612d6caecf89ab67a7530ba92dee was KiripengTsai 
  7 weeks ago, message: add the new md
0468e2a6fd3a47b4f7dae1573d7d69666460730e was KiripengTsai 
  1 year, 2 months ago, message: Initial commit